<?xml version="1.0" encoding="UTF-8"?>
<testng-results ignored="0" total="2" passed="2" failed="0" skipped="0">
  <reporter-output>
  </reporter-output>
  <suite started-at="2023-09-23T12:20:37 IST" name="Default suite" finished-at="2023-09-23T12:21:10 IST" duration-ms="32536">
    <groups>
    </groups>
    <test started-at="2023-09-23T12:20:37 IST" name="Default test" finished-at="2023-09-23T12:21:10 IST" duration-ms="32536">
      <class name="ShopperLogin.Login1Test">
        <test-method is-config="true" signature="lanchTheBrowser()[pri:0, instance:ShopperLogin.Login1Test@8458f04]" started-at="2023-09-23T12:20:37 IST" name="lanchTheBrowser" finished-at="2023-09-23T12:20:48 IST" duration-ms="10862" status="PASS">
          <reporter-output>
          </reporter-output>
        </test-method> <!-- lanchTheBrowser -->
        <test-method is-config="true" signature="loginToapplication()[pri:0, instance:ShopperLogin.Login1Test@8458f04]" started-at="2023-09-23T12:20:48 IST" name="loginToapplication" finished-at="2023-09-23T12:20:51 IST" duration-ms="3044" status="PASS">
          <reporter-output>
          </reporter-output>
        </test-method> <!-- loginToapplication -->
        <test-method signature="TC_Login_001()[pri:0, instance:ShopperLogin.Login1Test@8458f04]" started-at="2023-09-23T12:20:51 IST" name="TC_Login_001" finished-at="2023-09-23T12:20:51 IST" duration-ms="0" status="PASS">
          <reporter-output>
          </reporter-output>
        </test-method> <!-- TC_Login_001 -->
        <test-method is-config="true" signature="logoutToApplication()[pri:0, instance:ShopperLogin.Login1Test@8458f04]" started-at="2023-09-23T12:20:51 IST" name="logoutToApplication" finished-at="2023-09-23T12:20:58 IST" duration-ms="6797" status="PASS">
          <reporter-output>
          </reporter-output>
        </test-method> <!-- logoutToApplication -->
        <test-method is-config="true" signature="loginToapplication()[pri:0, instance:ShopperLogin.Login1Test@8458f04]" started-at="2023-09-23T12:20:58 IST" name="loginToapplication" finished-at="2023-09-23T12:20:59 IST" duration-ms="1460" status="PASS">
          <reporter-output>
          </reporter-output>
        </test-method> <!-- loginToapplication -->
        <test-method signature="TC_Login_002()[pri:0, instance:ShopperLogin.Login1Test@8458f04]" started-at="2023-09-23T12:20:59 IST" name="TC_Login_002" finished-at="2023-09-23T12:20:59 IST" duration-ms="4" status="PASS">
          <reporter-output>
          </reporter-output>
        </test-method> <!-- TC_Login_002 -->
        <test-method is-config="true" signature="logoutToApplication()[pri:0, instance:ShopperLogin.Login1Test@8458f04]" started-at="2023-09-23T12:20:59 IST" name="logoutToApplication" finished-at="2023-09-23T12:21:06 IST" duration-ms="6445" status="PASS">
          <reporter-output>
          </reporter-output>
        </test-method> <!-- logoutToApplication -->
        <test-method is-config="true" signature="aftermethod()[pri:0, instance:ShopperLogin.Login1Test@8458f04]" started-at="2023-09-23T12:21:06 IST" name="aftermethod" finished-at="2023-09-23T12:21:10 IST" duration-ms="3857" status="PASS">
          <reporter-output>
          </reporter-output>
        </test-method> <!-- aftermethod -->
      </class> <!-- ShopperLogin.Login1Test -->
    </test> <!-- Default test -->
  </suite> <!-- Default suite -->
</testng-results>
