<?xml version="1.0" encoding="UTF-8"?>
<!-- Generated by org.testng.reporters.JUnitXMLReporter -->
<testsuite ignored="2" hostname="DESKTOP-SM2205M" failures="0" tests="1" name="oneTest" time="45.483" errors="0" timestamp="2023-10-01T10:06:50 IST">
  <testcase classname="ShopperLogin.Login2Test" name="Tc_Login_003" time="0.0">
    <skipped/>
  </testcase> <!-- Tc_Login_003 -->
  <testcase classname="ShopperLogin.Login2Test" name="Tc_Login_004" time="0.0">
    <ignored/>
  </testcase> <!-- Tc_Login_004 -->
  <testcase classname="ShopperLogin.Login2Test" name="Tc_Login_005" time="0.0">
    <ignored/>
  </testcase> <!-- Tc_Login_005 -->
</testsuite> <!-- oneTest -->
